<?xml version="1.0" encoding="UTF-8"?>
<!-- Generated by org.testng.reporters.JUnitXMLReporter -->
<testsuite ignored="0" hostname="DESKTOP-E6MR63C" failures="0" tests="5" name="Test" time="0.055" errors="0" timestamp="2022-03-24T08:18:32 IST">
  <testcase classname="testCases.Scenario1" name="test1" time="0.009"/>
  <testcase classname="testCases.Scenario1" name="test2" time="0.001"/>
  <testcase classname="testCases.Scenario1" name="test3" time="0.001"/>
  <testcase classname="testCases.Scenario2" name="test4" time="0.001"/>
  <testcase classname="testCases.Scenario2" name="test5" time="0.001"/>
</testsuite> <!-- Test -->
