<?xml version="1.0" encoding="UTF-8"?>
<!-- Generated by org.testng.reporters.JUnitXMLReporter -->
<testsuite ignored="0" hostname="DESKTOP-E6MR63C" failures="0" tests="5" name="Test" time="0.057" errors="0" timestamp="2021-12-27T20:00:15 IST">
  <testcase classname="testCases.Scenario1" name="test3" time="0.008"/>
  <testcase classname="testCases.Scenario2" name="test4" time="0.002"/>
  <testcase classname="testCases.Scenario2" name="test5" time="0.001"/>
  <testcase classname="testCases.Scenario1" name="test2" time="0.001"/>
  <testcase classname="testCases.Scenario1" name="test1" time="0.001"/>
</testsuite> <!-- Test -->
