<?xml version="1.0" encoding="UTF-8"?>
<testng-results ignored="0" total="3" passed="3" failed="0" skipped="0">
  <reporter-output>
  </reporter-output>
  <suite started-at="2021-12-27T20:48:19 IST" name="Default suite" finished-at="2021-12-27T20:48:19 IST" duration-ms="54">
    <groups>
      <group name="functional">
        <method signature="Scenario1_Test.test3()[pri:0, instance:testCases.Scenario1_Test@21e360a]" name="test3" class="testCases.Scenario1_Test"/>
      </group> <!-- functional -->
      <group name="regression">
        <method signature="Scenario1_Test.test2()[pri:0, instance:testCases.Scenario1_Test@21e360a]" name="test2" class="testCases.Scenario1_Test"/>
      </group> <!-- regression -->
      <group name="smoke">
        <method signature="Scenario1_Test.test2()[pri:0, instance:testCases.Scenario1_Test@21e360a]" name="test2" class="testCases.Scenario1_Test"/>
      </group> <!-- smoke -->
    </groups>
    <test started-at="2021-12-27T20:48:19 IST" name="Default test" finished-at="2021-12-27T20:48:19 IST" duration-ms="54">
      <class name="testCases.Scenario1_Test">
        <test-method signature="test3()[pri:0, instance:testCases.Scenario1_Test@21e360a]" started-at="2021-12-27T20:48:19 IST" name="test3" finished-at="2021-12-27T20:48:19 IST" duration-ms="9" status="PASS">
          <reporter-output>
          </reporter-output>
        </test-method> <!-- test3 -->
        <test-method signature="test2()[pri:0, instance:testCases.Scenario1_Test@21e360a]" started-at="2021-12-27T20:48:19 IST" name="test2" depends-on-groups="functional" finished-at="2021-12-27T20:48:19 IST" duration-ms="1" status="PASS">
          <reporter-output>
          </reporter-output>
        </test-method> <!-- test2 -->
        <test-method signature="test1()[pri:0, instance:testCases.Scenario1_Test@21e360a]" started-at="2021-12-27T20:48:19 IST" name="test1" finished-at="2021-12-27T20:48:19 IST" depends-on-methods="testCases.Scenario1_Test.test2, testCases.Scenario1_Test.test3" duration-ms="1" status="PASS">
          <reporter-output>
          </reporter-output>
        </test-method> <!-- test1 -->
      </class> <!-- testCases.Scenario1_Test -->
    </test> <!-- Default test -->
  </suite> <!-- Default suite -->
</testng-results>
