<?xml version="1.0" encoding="UTF-8"?>
<!-- Generated by org.testng.reporters.JUnitXMLReporter -->
<testsuite ignored="0" hostname="DESKTOP-E6MR63C" failures="0" tests="6" name="Test 1" time="0.057" errors="0" timestamp="2021-12-12T11:44:07 IST">
  <testcase classname="basePack.Scenario1" name="test1" time="0.007"/>
  <testcase classname="basePack.Scenario1" name="test2" time="0.001"/>
  <testcase classname="basePack.Scenario1" name="test3" time="0.001"/>
  <testcase classname="basePack.Scenario2" name="test4" time="0.0"/>
  <testcase classname="basePack.Scenario2" name="test5" time="0.0"/>
  <testcase classname="basePack.Scenario2" name="test6" time="0.001"/>
</testsuite> <!-- Test 1 -->
