<?xml version="1.0" encoding="UTF-8"?>
<!-- Generated by org.testng.reporters.JUnitXMLReporter -->
<testsuite ignored="0" hostname="DESKTOP-E6MR63C" failures="0" tests="6" name="test1" time="1.282" errors="0" timestamp="2021-12-22T22:27:18 IST">
  <testcase classname="testCases.DataProviderDemo" name="test" time="0.006"/>
  <testcase classname="testCases.DataProviderDemo" name="test" time="0.001"/>
  <testcase classname="testCases.Scenario1" name="test1" time="0.0"/>
  <testcase classname="testCases.Scenario1" name="test2" time="0.0"/>
  <testcase classname="testCases.Scenario2" name="test3" time="0.0"/>
  <testcase classname="testCases.Scenario2" name="test4" time="0.001"/>
</testsuite> <!-- test1 -->
