<?xml version="1.0" encoding="UTF-8"?>
<!-- Generated by org.testng.reporters.JUnitXMLReporter -->
<testsuite ignored="2" hostname="DESKTOP-E6MR63C" failures="0" tests="4" name="b" time="0.052" errors="0" timestamp="2021-12-12T11:50:29 IST">
  <testcase classname="basePack.Scenario1" name="test1" time="0.009"/>
  <testcase classname="basePack.Scenario2" name="test4" time="0.001"/>
  <testcase classname="basePack.Scenario2" name="test5" time="0.001"/>
  <testcase classname="basePack.Scenario2" name="test6" time="0.001"/>
  <testcase classname="basePack.Scenario1" name="test3" time="0.0">
    <ignored/>
  </testcase> <!-- test3 -->
  <testcase classname="basePack.Scenario1" name="test2" time="0.0">
    <ignored/>
  </testcase> <!-- test2 -->
</testsuite> <!-- b -->
