<?xml version="1.0" encoding="UTF-8"?>
<!-- Generated by org.testng.reporters.JUnitXMLReporter -->
<testsuite ignored="0" hostname="DESKTOP-E6MR63C" failures="0" tests="3" name="Default test" time="0.054" errors="0" timestamp="2021-12-27T21:14:48 IST">
  <testcase classname="testCases.Scenario1_Test" name="test3" time="0.008"/>
  <testcase classname="testCases.Scenario1_Test" name="test2" time="0.001"/>
  <testcase classname="testCases.Scenario1_Test" name="test1" time="0.001"/>
</testsuite> <!-- Default test -->
